[debug] [2018-10-03T22:53:30.413Z] ----------------------------------------------------------------------
[debug] [2018-10-03T22:53:30.416Z] Command:       /Users/spencercornish/.nvm/versions/node/v6.14.4/bin/node /Users/spencercornish/.nvm/versions/node/v6.14.4/bin/firebase serve --only hosting
[debug] [2018-10-03T22:53:30.416Z] CLI Version:   4.2.1
[debug] [2018-10-03T22:53:30.416Z] Platform:      darwin
[debug] [2018-10-03T22:53:30.416Z] Node Version:  v6.14.4
[debug] [2018-10-03T22:53:30.417Z] Time:          Wed Oct 03 2018 16:53:30 GMT-0600 (MDT)
[debug] [2018-10-03T22:53:30.417Z] ----------------------------------------------------------------------
[debug] 
[debug] [2018-10-03T22:53:30.436Z] > command requires scopes: ["email","openid","https://www.googleapis.com/auth/cloudplatformprojects.readonly","https://www.googleapis.com/auth/firebase","https://www.googleapis.com/auth/cloud-platform"]
[debug] [2018-10-03T22:53:30.436Z] > authorizing via signed-in user
[debug] [2018-10-03T22:53:30.439Z] >>> HTTP REQUEST GET https://admin.firebase.com/v1/projects/spencercornish-6e244  
 
[debug] [2018-10-03T22:53:30.919Z] <<< HTTP RESPONSE 200
[debug] [2018-10-03T22:53:30.921Z] >>> HTTP REQUEST GET https://cloudresourcemanager.googleapis.com/v1/projects/spencercornish-6e244  
 
[debug] [2018-10-03T22:53:31.244Z] <<< HTTP RESPONSE 200
[info] 
[info] === Serving from '/Users/spencercornish/spencercornish.com'...
[info] 
[debug] [2018-10-03T22:53:31.247Z] >>> HTTP REQUEST GET https://mobilesdk-pa.googleapis.com/v1/projects/521136857256/clients/_:getWebAppConfig  
 
[debug] [2018-10-03T22:53:31.680Z] <<< HTTP RESPONSE 200
[info] i  hosting[spencercornish-6e244]: Serving hosting files from: public
[info] ✔  hosting[spencercornish-6e244]: Local server: http://localhost:5000
